(---------------------------------------------------------------------)
(                                                                     )
(    Allegro Automatic B/B Via Creation                               )
(                                                                     )
(    Software Version : 16.5P002                                      )
(    Date/Time        : Tue Jun 13 23:29:56 2017                      )
(                                                                     )
(---------------------------------------------------------------------)


Via to be copied: Via45-20-65
Start subclass: TOP
End subclass: BOTTOM
Old drawing: E:/sanT_4ch/Board/#Taaaaaa04228.tmp
New drawing: E:/sanT_4ch/Board/#Taaaaaa04228.tmp
Vias added to physical constraint set: DEFAULT

B/B Via TOP-BOTTOM created

Number of padstacks created 1
Number of existing padstacks that did not need to be modified: 0
Number of existing padstacks that were modified: 0
Number of existing padstacks that could not be modified: 0

bbvia is complete
