(---------------------------------------------------------------------)
(                                                                     )
(    Allegro Netrev Import Logic                                      )
(                                                                     )
(    Drawing          : sanT_4ch.brd                                  )
(    Software Version : 16.5P002                                      )
(    Date/Time        : Wed Jun 14 03:13:41 2017                      )
(                                                                     )
(---------------------------------------------------------------------)


------ Directives ------

RIPUP_ETCH FALSE;
RIPUP_DELETE_FIRST_SEGMENT FALSE;
RIPUP_RETAIN_BONDWIRE FALSE;
RIPUP_SYMBOLS ALWAYS;
Missing symbol has error FALSE;
SCHEMATIC_DIRECTORY 'E:/sanT_4ch/sch/allegro';
BOARD_DIRECTORY '';
OLD_BOARD_NAME 'E:/sanT_4ch/Board/sanT_4ch.brd';
NEW_BOARD_NAME 'E:/sanT_4ch/Board/sanT_4ch.brd';

CmdLine: netrev -$ -i E:/sanT_4ch/sch/allegro -y 1 E:/sanT_4ch/Board/#Taaaaaa06308.tmp

------ Preparing to read pst files ------

Starting to read E:/sanT_4ch/sch/allegro/pstchip.dat 
   Finished reading E:/sanT_4ch/sch/allegro/pstchip.dat (00:00:00.07)
Starting to read E:/sanT_4ch/sch/allegro/pstxprt.dat 
   Finished reading E:/sanT_4ch/sch/allegro/pstxprt.dat (00:00:00.00)
Starting to read E:/sanT_4ch/sch/allegro/pstxnet.dat 
   Finished reading E:/sanT_4ch/sch/allegro/pstxnet.dat (00:00:00.00)

------ Oversights/Warnings/Errors ------


#1   ERROR(SPMHNI-176): Device library error detected.

ERROR(SPMHNI-164): Problems with device '2P_ZCZ254*1X2_2P'. JEDEC_TYPE property 'ZCZ254*1X2' is illegal: 'Package name has invalid characters or is too long.'.

ERROR(SPMHNI-170): Device '2P_ZCZ254*1X2_2P' has library errors. Unable to transfer to Allegro.

------ Library Paths ------
MODULEPATH =  . 
           E:/candence/soft/SPB_16.5/share/local/pcb/modules 

PSMPATH =  . 
           symbols 
           .. 
           ../symbols 
           E:/candence/soft/SPB_16.5/share/local/pcb/symbols 
           E:/candence/soft/SPB_16.5/share/pcb/pcb_lib/symbols 
           E:/candence/soft/SPB_16.5/share/pcb/allegrolib/symbols 
           E:\PCBSymbol 

PADPATH =  . 
           symbols 
           .. 
           ../symbols 
           E:/candence/soft/SPB_16.5/share/local/pcb/padstacks 
           E:/candence/soft/SPB_16.5/share/pcb/pcb_lib/symbols 
           E:/candence/soft/SPB_16.5/share/pcb/allegrolib/symbols 
           E:\PCBSymbol 


------ Summary Statistics ------


#2   Run stopped because errors were detected

netrev run on Jun 14 3:13:41 2017
   DESIGN NAME : 'SANT_4CH'
   PACKAGING ON Apr 21 2011 10:02:30

   COMPILE 'logic'
   CHECK_PIN_NAMES OFF
   CROSS_REFERENCE OFF
   FEEDBACK OFF
   INCREMENTAL OFF
   INTERFACE_TYPE PHYSICAL
   MAX_ERRORS 500
   MERGE_MINIMUM 5
   NET_NAME_CHARS '#%&()*+-./:=>?@[]^_`|'
   NET_NAME_LENGTH 24
   OVERSIGHTS ON
   REPLACE_CHECK OFF
   SINGLE_NODE_NETS ON
   SPLIT_MINIMUM 0
   SUPPRESS   20
   WARNINGS ON

  2 errors detected
 No oversight detected
 No warning detected

cpu time      0:00:29
elapsed time  0:00:00

